Unity Editor version:    2020.3.26f1 (7298b473bc1a)
Branch:                  2020.3/staging
Build type:              Release
Batch mode:              YES
macOS version:           Version 12.3 (Build 21E230)
Darwin version:          21.4.0
Architecture:            x86_64
Running under Rosetta:   YES
Available memory:        8192 MB
Using pre-set license
Pro License: NO

COMMAND LINE ARGUMENTS:
/Applications/Unity/Hub/Editor/2020.3.26f1/Unity.app/Contents/MacOS/Unity
-adb2
-batchMode
-noUpm
-name
AssetImportWorker0
-projectPath
/Users/shreeya/Columbia/Spring22/3d-ui-ar/unity-projects/Assignment3
-logFile
Logs/AssetImportWorker0.log
-srvPort
51457
Successfully changed project path to: /Users/shreeya/Columbia/Spring22/3d-ui-ar/unity-projects/Assignment3
/Users/shreeya/Columbia/Spring22/3d-ui-ar/unity-projects/Assignment3
Using Asset Import Pipeline V2.
Refreshing native plugins compatible for Editor in 43.05 ms, found 3 plugins.
Preloading 1 native plugins for Editor in 5.36 ms.
Initialize engine version: 2020.3.26f1 (7298b473bc1a)
[Subsystems] Discovering subsystems at path /Applications/Unity/Hub/Editor/2020.3.26f1/Unity.app/Contents/Resources/UnitySubsystems
[Subsystems] Discovering subsystems at path /Users/shreeya/Columbia/Spring22/3d-ui-ar/unity-projects/Assignment3/Assets
GfxDevice: creating device client; threaded=0
2022-03-25 19:35:50.512 Unity[16457:203468] (null) preferred device: Apple M1 (high power)
2022-03-25 19:35:50.512 Unity[16457:203468] Metal devices available: 1
2022-03-25 19:35:50.512 Unity[16457:203468] 0: Apple M1 (high power)
2022-03-25 19:35:50.512 Unity[16457:203468] Using device Apple M1 (high power)
Initializing Metal device caps: Apple M1
Initialize mono
Mono path[0] = '/Applications/Unity/Hub/Editor/2020.3.26f1/Unity.app/Contents/Managed'
Mono path[1] = '/Applications/Unity/Hub/Editor/2020.3.26f1/Unity.app/Contents/MonoBleedingEdge/lib/mono/unityjit'
Mono config path = '/Applications/Unity/Hub/Editor/2020.3.26f1/Unity.app/Contents/MonoBleedingEdge/etc'
Using monoOptions --debugger-agent=transport=dt_socket,embedding=1,server=y,suspend=n,address=127.0.0.1:56457
Begin MonoManager ReloadAssembly
Registering precompiled unity dll's ...
Register platform support module: /Applications/Unity/Hub/Editor/2020.3.26f1/Unity.app/Contents/PlaybackEngines/MacStandaloneSupport/UnityEditor.OSXStandalone.Extensions.dll
Registered in 0.002044 seconds.
Native extension for OSXStandalone target not found
Refreshing native plugins compatible for Editor in 38.93 ms, found 3 plugins.
Preloading 1 native plugins for Editor in 0.29 ms.
Mono: successfully reloaded assembly
- Completed reload, in  1.122 seconds
Domain Reload Profiling:
	ReloadAssembly (1123ms)
		BeginReloadAssembly (70ms)
			ExecutionOrderSort (0ms)
			DisableScriptedObjects (0ms)
			BackupInstance (0ms)
			ReleaseScriptingObjects (0ms)
			CreateAndSetChildDomain (3ms)
		EndReloadAssembly (942ms)
			LoadAssemblies (68ms)
			RebuildTransferFunctionScriptingTraits (0ms)
			SetupTypeCache (173ms)
			ReleaseScriptCaches (0ms)
			RebuildScriptCaches (39ms)
			SetupLoadedEditorAssemblies (462ms)
				LogAssemblyErrors (0ms)
				InitializePlatformSupportModulesInManaged (9ms)
				SetLoadedEditorAssemblies (0ms)
				RefreshPlugins (39ms)
				BeforeProcessingInitializeOnLoad (20ms)
				ProcessInitializeOnLoadAttributes (292ms)
				ProcessInitializeOnLoadMethodAttributes (102ms)
				AfterProcessingInitializeOnLoad (0ms)
				EditorAssembliesLoaded (1ms)
			ExecutionOrderSort2 (0ms)
			AwakeInstancesAfterBackupRestoration (0ms)
Platform modules already initialized, skipping
Registering precompiled user dll's ...
Registered in 0.004018 seconds.
Begin MonoManager ReloadAssembly
Native extension for OSXStandalone target not found
Refreshing native plugins compatible for Editor in 38.49 ms, found 3 plugins.
Preloading 1 native plugins for Editor in 0.28 ms.
Mono: successfully reloaded assembly
- Completed reload, in  2.255 seconds
Domain Reload Profiling:
	ReloadAssembly (2258ms)
		BeginReloadAssembly (247ms)
			ExecutionOrderSort (0ms)
			DisableScriptedObjects (31ms)
			BackupInstance (0ms)
			ReleaseScriptingObjects (0ms)
			CreateAndSetChildDomain (32ms)
		EndReloadAssembly (1919ms)
			LoadAssemblies (191ms)
			RebuildTransferFunctionScriptingTraits (0ms)
			SetupTypeCache (338ms)
			ReleaseScriptCaches (0ms)
			RebuildScriptCaches (54ms)
			SetupLoadedEditorAssemblies (1032ms)
				LogAssemblyErrors (0ms)
				InitializePlatformSupportModulesInManaged (8ms)
				SetLoadedEditorAssemblies (0ms)
				RefreshPlugins (39ms)
				BeforeProcessingInitializeOnLoad (110ms)
				ProcessInitializeOnLoadAttributes (848ms)
				ProcessInitializeOnLoadMethodAttributes (26ms)
				AfterProcessingInitializeOnLoad (1ms)
				EditorAssembliesLoaded (0ms)
			ExecutionOrderSort2 (0ms)
			AwakeInstancesAfterBackupRestoration (31ms)
Platform modules already initialized, skipping
Validating Project structure ... 0.000770 seconds.
Shader import version has changed; will reimport all shaders...
Upgrading shader files ...0.000563 seconds.
Application.AssetDatabase Initial Script Refresh Start
RefreshInfo: InitialScriptRefreshV2(NoUpdateAssetOptions) scanfilter:  ... 1 filters
RefreshProfiler: Total: 0.000ms
Application.AssetDatabase Initial Script Refresh End
Application.AssetDatabase.Refresh Start
Application.AssetDatabase.Refresh End
RefreshInfo: StopAssetImportingV2(ForceSynchronousImport) scanfilter: 
RefreshProfiler: Total: 0.000ms
Launching external process: /Applications/Unity/Hub/Editor/2020.3.26f1/Unity.app/Contents/Tools/UnityShaderCompiler
Launched and connected shader compiler UnityShaderCompiler after 0.02 seconds
Initializing Unity extensions:
2022-03-25 19:35:54.957 Unity[16457:203468] NSEventModifierFlagFunction specified to -setKeyEquivalentModifierMask: for item <NSMenuItem: 0x600003bb6220 Font Asset, ke='Command-F12'>, but is only supported for system-provided menu items; will not be used
2022-03-25 19:35:54.960 Unity[16457:203468] NSEventModifierFlagFunction specified to -setKeyEquivalentModifierMask: for item <NSMenuItem: 0x600003bc8e70 Font Asset, ke='Command-F12'>, but is only supported for system-provided menu items; will not be used
========================================================================
Worker process is ready to serve import requests
Refreshing native plugins compatible for Editor in 0.60 ms, found 3 plugins.
Preloading 1 native plugins for Editor in 0.31 ms.
Unloading 2238 Unused Serialized files (Serialized files now loaded: 0)
System memory in use before: 193.3 MB.
System memory in use after: 192.6 MB.

Unloading 132 unused Assets to reduce memory usage. Loaded Objects now: 2714.
Total: 2.655916 ms (FindLiveObjects: 0.110541 ms CreateObjectMapping: 0.045750 ms MarkObjects: 2.099791 ms  DeleteObjects: 0.398750 ms)

AssetImportParameters requested are different than current active one (requested -> active):
  custom:video-decoder-ogg-theora: a1e56fd34408186e4bbccfd4996cb3dc -> 
  custom:container-muxer-webm: aa71ff27fc2769a1b78a27578f13a17b -> 
  custom:container-demuxer-webm: 4f35f7cbe854078d1ac9338744f61a02 -> 
  custom:container-demuxer-ogg: 62fdf1f143b41e24485cea50d1cbac27 -> 
  custom:video-encoder-webm-vp8: eb34c28f22e8b96e1ab97ce403110664 -> 
  custom:framework-osx-AVFoundation: e770b220cccbd017edd2c1fefb359320 -> 
  custom:video-decoder-webm-vp8: 9c59270c3fd7afecdb556c50c9e8de78 -> 
  custom:audio-decoder-ogg-vorbis: bf7c407c2cedff20999df2af8eb42d56 -> 
  custom:audio-encoder-webm-vorbis: bf7c407c2cedff20999df2af8eb42d56 -> 
========================================================================
Received Import Request.
  path: Assets/Prefabs/Well.prefab
  artifactKey: Guid(09ab6637896e643f6b8a73a2ca33bcf6) Importer(815301076,1909f56bfc062723c751e8b465ee728b)
Start importing Assets/Prefabs/Well.prefab using Guid(09ab6637896e643f6b8a73a2ca33bcf6) Importer(815301076,1909f56bfc062723c751e8b465ee728b)  -> (artifact id: 'dacbd1e13c559a335c8700d44dc679f3') in 0.208365 seconds 
  Import took 0.212884 seconds .

========================================================================
Received Import Request.
  Time since last request: 15.709413 seconds.
  path: Assets/Models/well.fbx
  artifactKey: Guid(1199648b98351418282ae15c2fc97eb8) Importer(815301076,1909f56bfc062723c751e8b465ee728b)
Start importing Assets/Models/well.fbx using Guid(1199648b98351418282ae15c2fc97eb8) Importer(815301076,1909f56bfc062723c751e8b465ee728b)  -> (artifact id: 'c7e23cb66756fb8382b3eff9b51e4f0f') in 0.196516 seconds 
  Import took 0.201958 seconds .

========================================================================
Received Import Request.
  Time since last request: 2.908926 seconds.
  path: Assets/Prefabs/Well.prefab
  artifactKey: Guid(09ab6637896e643f6b8a73a2ca33bcf6) Importer(815301076,1909f56bfc062723c751e8b465ee728b)
Start importing Assets/Prefabs/Well.prefab using Guid(09ab6637896e643f6b8a73a2ca33bcf6) Importer(815301076,1909f56bfc062723c751e8b465ee728b)  -> (artifact id: '8d8dd8072b0026b36fb3daab6801872a') in 0.013230 seconds 
  Import took 0.016237 seconds .

========================================================================
Received Import Request.
  Time since last request: 12.131877 seconds.
  path: Assets/Prefabs/Well.prefab
  artifactKey: Guid(09ab6637896e643f6b8a73a2ca33bcf6) Importer(815301076,1909f56bfc062723c751e8b465ee728b)
Start importing Assets/Prefabs/Well.prefab using Guid(09ab6637896e643f6b8a73a2ca33bcf6) Importer(815301076,1909f56bfc062723c751e8b465ee728b)  -> (artifact id: '4e7e6c16d43369dd76a5deb3d22ad061') in 0.010296 seconds 
  Import took 0.013677 seconds .

========================================================================
Received Import Request.
  Time since last request: 8.558371 seconds.
  path: Assets/Prefabs/Well.prefab
  artifactKey: Guid(09ab6637896e643f6b8a73a2ca33bcf6) Importer(815301076,1909f56bfc062723c751e8b465ee728b)
Start importing Assets/Prefabs/Well.prefab using Guid(09ab6637896e643f6b8a73a2ca33bcf6) Importer(815301076,1909f56bfc062723c751e8b465ee728b)  -> (artifact id: 'ce94fa3b8e14adcede26e102aca77fc5') in 0.009134 seconds 
  Import took 0.012635 seconds .

========================================================================
Received Import Request.
  Time since last request: 10.534460 seconds.
  path: Assets/Prefabs/Well.prefab
  artifactKey: Guid(09ab6637896e643f6b8a73a2ca33bcf6) Importer(815301076,1909f56bfc062723c751e8b465ee728b)
Start importing Assets/Prefabs/Well.prefab using Guid(09ab6637896e643f6b8a73a2ca33bcf6) Importer(815301076,1909f56bfc062723c751e8b465ee728b)  -> (artifact id: 'f5fe5df5a4e11957562b1438d0b61970') in 0.008289 seconds 
  Import took 0.011340 seconds .

========================================================================
Received Import Request.
  Time since last request: 5.328152 seconds.
  path: Assets/Prefabs/Well.prefab
  artifactKey: Guid(09ab6637896e643f6b8a73a2ca33bcf6) Importer(815301076,1909f56bfc062723c751e8b465ee728b)
Start importing Assets/Prefabs/Well.prefab using Guid(09ab6637896e643f6b8a73a2ca33bcf6) Importer(815301076,1909f56bfc062723c751e8b465ee728b)  -> (artifact id: 'bf75ee743aa3f9c7bba8450d0ac64d9c') in 0.008980 seconds 
  Import took 0.012345 seconds .

========================================================================
Received Import Request.
  Time since last request: 1158.810969 seconds.
  path: Assets/Prefabs/Well.prefab
  artifactKey: Guid(09ab6637896e643f6b8a73a2ca33bcf6) Importer(815301076,1909f56bfc062723c751e8b465ee728b)
Start importing Assets/Prefabs/Well.prefab using Guid(09ab6637896e643f6b8a73a2ca33bcf6) Importer(815301076,1909f56bfc062723c751e8b465ee728b)  -> (artifact id: 'c1391a88a4490fd18d760a58fed48c03') in 0.029574 seconds 
  Import took 0.046741 seconds .

========================================================================
Received Import Request.
  Time since last request: 7.878248 seconds.
  path: Assets/Prefabs/Well.prefab
  artifactKey: Guid(09ab6637896e643f6b8a73a2ca33bcf6) Importer(815301076,1909f56bfc062723c751e8b465ee728b)
Start importing Assets/Prefabs/Well.prefab using Guid(09ab6637896e643f6b8a73a2ca33bcf6) Importer(815301076,1909f56bfc062723c751e8b465ee728b)  -> (artifact id: 'e997c0bdaef42c561d40e04c4d6bf81a') in 0.012684 seconds 
  Import took 0.016230 seconds .

========================================================================
Received Import Request.
  Time since last request: 133.560282 seconds.
  path: Assets/Prefabs/StartPost.prefab
  artifactKey: Guid(423d19a3bf8f34d4392feafb75dc86c1) Importer(815301076,1909f56bfc062723c751e8b465ee728b)
Start importing Assets/Prefabs/StartPost.prefab using Guid(423d19a3bf8f34d4392feafb75dc86c1) Importer(815301076,1909f56bfc062723c751e8b465ee728b)  -> (artifact id: 'd4263fb570725f601a23e5f465a38882') in 0.008826 seconds 
  Import took 0.011868 seconds .

========================================================================
Received Import Request.
  Time since last request: 41.504586 seconds.
  path: Assets/Prefabs/Floor.prefab
  artifactKey: Guid(4a62b8976384a459f98efedd5fa5e738) Importer(815301076,1909f56bfc062723c751e8b465ee728b)
Start importing Assets/Prefabs/Floor.prefab using Guid(4a62b8976384a459f98efedd5fa5e738) Importer(815301076,1909f56bfc062723c751e8b465ee728b)  -> (artifact id: 'e3e2ffe90e67d98a1b0d0b0b77051daa') in 0.015749 seconds 
  Import took 0.018954 seconds .

========================================================================
Received Import Request.
  Time since last request: 1.009101 seconds.
  path: Assets/Prefabs/Floor.prefab
  artifactKey: Guid(4a62b8976384a459f98efedd5fa5e738) Importer(815301076,1909f56bfc062723c751e8b465ee728b)
Start importing Assets/Prefabs/Floor.prefab using Guid(4a62b8976384a459f98efedd5fa5e738) Importer(815301076,1909f56bfc062723c751e8b465ee728b)  -> (artifact id: '0809cef5b12f933df3a68aaa4e75a65d') in 0.009866 seconds 
  Import took 0.013871 seconds .

========================================================================
Received Import Request.
  Time since last request: 115.097645 seconds.
  path: Assets/Prefabs/MazeBlock.prefab
  artifactKey: Guid(3192e219b51ae45a690add02ddf2a8e3) Importer(815301076,1909f56bfc062723c751e8b465ee728b)
Start importing Assets/Prefabs/MazeBlock.prefab using Guid(3192e219b51ae45a690add02ddf2a8e3) Importer(815301076,1909f56bfc062723c751e8b465ee728b)  -> (artifact id: 'e3219f9af0df7057e73a9e72edb76767') in 0.055513 seconds 
  Import took 0.061328 seconds .

========================================================================
Received Import Request.
  Time since last request: 2.506630 seconds.
  path: Assets/Prefabs/MazeBlock.prefab
  artifactKey: Guid(3192e219b51ae45a690add02ddf2a8e3) Importer(815301076,1909f56bfc062723c751e8b465ee728b)
Start importing Assets/Prefabs/MazeBlock.prefab using Guid(3192e219b51ae45a690add02ddf2a8e3) Importer(815301076,1909f56bfc062723c751e8b465ee728b)  -> (artifact id: 'e9348aeaaa8e5b8b2c67946f5ce800d2') in 0.012297 seconds 
  Import took 0.015111 seconds .

========================================================================
Received Import Request.
  Time since last request: 117.208807 seconds.
  path: Assets/Prefabs/Well.prefab
  artifactKey: Guid(09ab6637896e643f6b8a73a2ca33bcf6) Importer(815301076,1909f56bfc062723c751e8b465ee728b)
Start importing Assets/Prefabs/Well.prefab using Guid(09ab6637896e643f6b8a73a2ca33bcf6) Importer(815301076,1909f56bfc062723c751e8b465ee728b)  -> (artifact id: 'b694282ed1295c17d7ada7be35f48ee7') in 0.024099 seconds 
  Import took 0.028044 seconds .

========================================================================
Received Import Request.
  Time since last request: 25.087615 seconds.
  path: Assets/Scenes/SampleScene.unity
  artifactKey: Guid(9fc0d4010bbf28b4594072e72b8655ab) Importer(815301076,1909f56bfc062723c751e8b465ee728b)
Start importing Assets/Scenes/SampleScene.unity using Guid(9fc0d4010bbf28b4594072e72b8655ab) Importer(815301076,1909f56bfc062723c751e8b465ee728b)  -> (artifact id: '9224a69c2660ce19fdbe8a1e8b8f62a9') in 0.004447 seconds 
  Import took 0.009181 seconds .

========================================================================
Received Import Request.
  Time since last request: 7.320699 seconds.
  path: Assets/Scenes/maze-Builder.unity
  artifactKey: Guid(9fc0d4010bbf28b4594072e72b8655ab) Importer(815301076,1909f56bfc062723c751e8b465ee728b)
Start importing Assets/Scenes/maze-Builder.unity using Guid(9fc0d4010bbf28b4594072e72b8655ab) Importer(815301076,1909f56bfc062723c751e8b465ee728b)  -> (artifact id: 'caca5b6d02536936b06aef8505b77c09') in 0.002230 seconds 
  Import took 0.007459 seconds .

========================================================================
Received Import Request.
  Time since last request: 7.397423 seconds.
  path: Assets/Scenes/Maze-Builder.unity
  artifactKey: Guid(9fc0d4010bbf28b4594072e72b8655ab) Importer(815301076,1909f56bfc062723c751e8b465ee728b)
Start importing Assets/Scenes/Maze-Builder.unity using Guid(9fc0d4010bbf28b4594072e72b8655ab) Importer(815301076,1909f56bfc062723c751e8b465ee728b)  -> (artifact id: 'c846799859d11c478ece1e01eac64d75') in 0.001260 seconds 
  Import took 0.004042 seconds .

========================================================================
Received Prepare
Registering precompiled user dll's ...
Registered in 0.006572 seconds.
Begin MonoManager ReloadAssembly
Native extension for OSXStandalone target not found
Refreshing native plugins compatible for Editor in 0.86 ms, found 6 plugins.
Preloading 1 native plugins for Editor in 21.56 ms.
2022-03-25 21:00:00.331 Unity[16457:203468] NSEventModifierFlagFunction specified to -setKeyEquivalentModifierMask: for item <NSMenuItem: 0x600003bca1b0 Font Asset, ke='Command-F12'>, but is only supported for system-provided menu items; will not be used
Mono: successfully reloaded assembly
- Completed reload, in  2.705 seconds
Domain Reload Profiling:
	ReloadAssembly (2709ms)
		BeginReloadAssembly (505ms)
			ExecutionOrderSort (0ms)
			DisableScriptedObjects (111ms)
			BackupInstance (0ms)
			ReleaseScriptingObjects (0ms)
			CreateAndSetChildDomain (152ms)
		EndReloadAssembly (2084ms)
			LoadAssemblies (263ms)
			RebuildTransferFunctionScriptingTraits (1ms)
			SetupTypeCache (397ms)
			ReleaseScriptCaches (1ms)
			RebuildScriptCaches (48ms)
			SetupLoadedEditorAssemblies (1111ms)
				LogAssemblyErrors (0ms)
				InitializePlatformSupportModulesInManaged (10ms)
				SetLoadedEditorAssemblies (3ms)
				RefreshPlugins (22ms)
				BeforeProcessingInitializeOnLoad (151ms)
				ProcessInitializeOnLoadAttributes (899ms)
				ProcessInitializeOnLoadMethodAttributes (26ms)
				AfterProcessingInitializeOnLoad (1ms)
				EditorAssembliesLoaded (0ms)
			ExecutionOrderSort2 (0ms)
			AwakeInstancesAfterBackupRestoration (29ms)
Platform modules already initialized, skipping
Switching build target platform(2) subTarget(0) extendedPlatform(0) -> platform(13) subTarget(524294) extendedPlatform(0)
Shader 'Oculus/OVRMRCameraFrameLit': fallback shader 'Alpha-Diffuse' not found
Shader 'Oculus/OVRMRCameraFrameLit': fallback shader 'Alpha-Diffuse' not found
Refreshing native plugins compatible for Editor in 0.77 ms, found 6 plugins.
Preloading 1 native plugins for Editor in 0.25 ms.
Unloading 3277 Unused Serialized files (Serialized files now loaded: 0)
System memory in use before: 253.5 MB.
System memory in use after: 244.0 MB.

Unloading 113 unused Assets to reduce memory usage. Loaded Objects now: 3691.
Total: 8.738375 ms (FindLiveObjects: 0.414916 ms CreateObjectMapping: 0.083125 ms MarkObjects: 3.501375 ms  DeleteObjects: 4.737958 ms)

AssetImportParameters requested are different than current active one (requested -> active):
  custom:video-decoder-ogg-theora: a1e56fd34408186e4bbccfd4996cb3dc -> 
  custom:container-muxer-webm: aa71ff27fc2769a1b78a27578f13a17b -> 
  custom:container-demuxer-webm: 4f35f7cbe854078d1ac9338744f61a02 -> 
  custom:container-demuxer-ogg: 62fdf1f143b41e24485cea50d1cbac27 -> 
  custom:video-encoder-webm-vp8: eb34c28f22e8b96e1ab97ce403110664 -> 
  custom:framework-osx-AVFoundation: e770b220cccbd017edd2c1fefb359320 -> 
  custom:video-decoder-webm-vp8: 9c59270c3fd7afecdb556c50c9e8de78 -> 
  custom:graphics/normal-map-encoding: 01000000000000000000000000000000 -> 02000000000000000000000000000000
  custom:audio-decoder-ogg-vorbis: bf7c407c2cedff20999df2af8eb42d56 -> 
  custom:audio-encoder-webm-vorbis: bf7c407c2cedff20999df2af8eb42d56 -> 
